<?xml version="1.0" encoding="UTF-8"?>
<!-- Generated by org.testng.reporters.JUnitReportReporter -->
<testsuite skipped="0" hostname="LAPTOP-GPCA0IN6" name="org.login.Testngtesting" tests="1" failures="0" timestamp="28 Oct 2021 07:45:51 GMT" time="0.016" errors="0">
  <testcase name="test" time="0.016" classname="org.login.Testngtesting"/>
</testsuite> <!-- org.login.Testngtesting -->
