<?xml version="1.0" encoding="UTF-8"?>
<!-- Generated by org.testng.reporters.JUnitReportReporter -->
<testsuite skipped="0" hostname="LAPTOP-GPCA0IN6" name="org.login.Test1" tests="1" failures="0" timestamp="30 Oct 2021 06:49:13 GMT" time="0.000" errors="0">
  <testcase name="tc4" time="0.000" classname="org.login.Test1"/>
</testsuite> <!-- org.login.Test1 -->
